<?xml version="1.0" encoding="UTF-8"?>
<!-- Generated by org.testng.reporters.JUnitReportReporter -->
<testsuite hostname="LAPTOP-MSMG7D8C" failures="0" tests="1" name="Projects.ValidateSuggestionClass" time="3.553" errors="0" timestamp="2021-03-02T00:06:18 IST" skipped="0">
  <testcase classname="Projects.ValidateSuggestionClass" name="checkSuggestionClassTextBox" time="3.553"/>
  <system-out/>
</testsuite> <!-- Projects.ValidateSuggestionClass -->
