<?xml version="1.0" encoding="UTF-8"?>
<!-- Generated by org.testng.reporters.JUnitReportReporter -->
<testsuite hostname="LAPTOP-MSMG7D8C" failures="0" tests="2" name="Projects.ValidateDropDownExample" time="1.908" errors="0" timestamp="2021-03-03T17:48:34 IST" skipped="0">
  <testcase classname="Projects.ValidateDropDownExample" name="checkDropDownText" time="0.636"/>
  <system-out/>
  <testcase classname="Projects.ValidateDropDownExample" name="checkDropDown" time="1.272"/>
  <system-out/>
</testsuite> <!-- Projects.ValidateDropDownExample -->
