<?xml version="1.0" encoding="UTF-8"?>
<!-- Generated by org.testng.reporters.JUnitReportReporter -->
<testsuite hostname="LAPTOP-MSMG7D8C" failures="0" tests="3" name="Projects.ValidateAlertExample" time="0.647" errors="0" timestamp="2021-03-05T00:09:28 IST" skipped="0">
  <testcase classname="Projects.ValidateAlertExample" name="checkAlert" time="0.283"/>
  <system-out/>
  <testcase classname="Projects.ValidateAlertExample" name="checkAlertTextBox" time="0.316"/>
  <system-out/>
  <testcase classname="Projects.ValidateAlertExample" name="checkSwitchAlertText" time="0.048"/>
  <system-out/>
</testsuite> <!-- Projects.ValidateAlertExample -->
