<?xml version="1.0" encoding="UTF-8"?>
<!-- Generated by org.testng.reporters.JUnitReportReporter -->
<testsuite hostname="LAPTOP-MSMG7D8C" failures="0" tests="2" name="Projects.ValidateSuggestionClass" time="5.526" errors="0" timestamp="2021-03-02T18:17:37 IST" skipped="0">
  <testcase classname="Projects.ValidateSuggestionClass" name="checkSuggestionClassTextBox" time="1.480"/>
  <system-out/>
  <testcase classname="Projects.ValidateSuggestionClass" name="checkSuggestionClassText" time="4.046"/>
  <system-out/>
</testsuite> <!-- Projects.ValidateSuggestionClass -->
