<?xml version="1.0" encoding="UTF-8"?>
<!-- Generated by org.testng.reporters.JUnitReportReporter -->
<testsuite hostname="LAPTOP-MSMG7D8C" failures="0" tests="2" name="Projects.validateCheckBox" time="3.014" errors="0" timestamp="2021-03-04T15:57:21 IST" skipped="0">
  <testcase classname="Projects.validateCheckBox" name="checkCheckBoxText" time="2.783"/>
  <system-out/>
  <testcase classname="Projects.validateCheckBox" name="validateCheckBox" time="0.231"/>
  <system-out/>
</testsuite> <!-- Projects.validateCheckBox -->
