<?xml version="1.0" encoding="UTF-8"?>
<!-- Generated by org.testng.reporters.JUnitReportReporter -->
<testsuite hostname="LAPTOP-MSMG7D8C" failures="0" tests="1" name="Projects.ValidateScroll" time="3.172" errors="0" timestamp="2021-03-06T18:25:29 IST" skipped="0">
  <testcase classname="Projects.ValidateScroll" name="checkScrollWindow" time="3.172"/>
  <system-out/>
</testsuite> <!-- Projects.ValidateScroll -->
