<?xml version="1.0" encoding="UTF-8"?>
<!-- Generated by org.testng.reporters.JUnitReportReporter -->
<testsuite hostname="LAPTOP-MSMG7D8C" failures="0" tests="2" name="Projects.ValidateConfirmExample" time="0.247" errors="0" timestamp="2021-03-05T00:09:54 IST" skipped="0">
  <testcase classname="Projects.ValidateConfirmExample" name="checkConfirmDismiss" time="0.087"/>
  <system-out/>
  <testcase classname="Projects.ValidateConfirmExample" name="checkConfirmAccept" time="0.160"/>
  <system-out/>
</testsuite> <!-- Projects.ValidateConfirmExample -->
