<?xml version="1.0" encoding="UTF-8"?>
<!-- Generated by org.testng.reporters.JUnitReportReporter -->
<testsuite hostname="LAPTOP-MSMG7D8C" failures="0" tests="5" name="Projects.validateWebTableFixedHeader" time="1.059" errors="0" timestamp="2021-03-08T01:25:30 IST" skipped="0">
  <testcase classname="Projects.validateWebTableFixedHeader" name="checkWebTableFixedHeaderAmountCol" time="0.642"/>
  <system-out/>
  <testcase classname="Projects.validateWebTableFixedHeader" name="validateWebTableFixedHeaders" time="0.326"/>
  <system-out/>
  <testcase classname="Projects.validateWebTableFixedHeader" name="checkWebTableFixedHeaderColCount" time="0.029"/>
  <system-out/>
  <testcase classname="Projects.validateWebTableFixedHeader" name="checkWebTableFixedHeaderText" time="0.041"/>
  <system-out/>
  <testcase classname="Projects.validateWebTableFixedHeader" name="checkWebTableFixedHeaderRowCount" time="0.021"/>
  <system-out/>
</testsuite> <!-- Projects.validateWebTableFixedHeader -->
