<?xml version="1.0" encoding="UTF-8"?>
<!-- Generated by org.testng.reporters.JUnitReportReporter -->
<testsuite hostname="LAPTOP-MSMG7D8C" failures="0" tests="2" name="Projects.ValidateSwitchWindow" time="5.971" errors="0" timestamp="2021-03-04T15:56:30 IST" skipped="0">
  <testcase classname="Projects.ValidateSwitchWindow" name="checkswitchWindowText" time="0.911"/>
  <system-out/>
  <testcase classname="Projects.ValidateSwitchWindow" name="checkSwitchWindow" time="5.060"/>
  <system-out/>
</testsuite> <!-- Projects.ValidateSwitchWindow -->
