<?xml version="1.0" encoding="UTF-8"?>
<!-- Generated by org.testng.reporters.JUnitReportReporter -->
<testsuite hostname="LAPTOP-MSMG7D8C" failures="0" tests="2" name="Projects.ValidateMouseHover" time="1.543" errors="0" timestamp="2021-03-09T00:48:33 IST" skipped="0">
  <testcase classname="Projects.ValidateMouseHover" name="checkMouseHoverButton" time="1.510"/>
  <system-out/>
  <testcase classname="Projects.ValidateMouseHover" name="checkMouseHoverText" time="0.033"/>
  <system-out/>
</testsuite> <!-- Projects.ValidateMouseHover -->
