<?xml version="1.0" encoding="UTF-8"?>
<!-- Generated by org.testng.reporters.JUnitReportReporter -->
<testsuite hostname="LAPTOP-MSMG7D8C" failures="0" tests="2" name="Projects.ValidateSwitchTab" time="3.454" errors="0" timestamp="2021-03-03T17:43:30 IST" skipped="0">
  <testcase classname="Projects.ValidateSwitchTab" name="checkswitchWindowText" time="0.159"/>
  <system-out/>
  <testcase classname="Projects.ValidateSwitchTab" name="checkSwitchTab" time="3.295"/>
  <system-out/>
</testsuite> <!-- Projects.ValidateSwitchTab -->
