<?xml version="1.0" encoding="UTF-8"?>
<!-- Generated by org.testng.reporters.JUnitReportReporter -->
<testsuite hostname="LAPTOP-MSMG7D8C" failures="0" tests="4" name="Projects.validateWebTableFixedHeader" time="0.594" errors="0" timestamp="2021-03-08T00:19:24 IST" skipped="0">
  <testcase classname="Projects.validateWebTableFixedHeader" name="checkWebTableFixedHeaderRowCount" time="0.025"/>
  <system-out/>
  <testcase classname="Projects.validateWebTableFixedHeader" name="validateWebTableFixedHeaders" time="0.372"/>
  <system-out/>
  <testcase classname="Projects.validateWebTableFixedHeader" name="checkWebTableFixedHeaderText" time="0.041"/>
  <system-out/>
  <testcase classname="Projects.validateWebTableFixedHeader" name="checkWebTableFixedHeaderColCount" time="0.156"/>
  <system-out/>
</testsuite> <!-- Projects.validateWebTableFixedHeader -->
