<?xml version="1.0" encoding="UTF-8"?>
<!-- Generated by org.testng.reporters.JUnitReportReporter -->
<testsuite hostname="LAPTOP-MSMG7D8C" failures="0" tests="4" name="Projects.validateWebTable" time="0.293" errors="0" timestamp="2021-03-07T00:46:44 IST" skipped="0">
  <testcase classname="Projects.validateWebTable" name="checkWebTableRowCount" time="0.020"/>
  <system-out/>
  <testcase classname="Projects.validateWebTable" name="validateWebTableHeaders" time="0.212"/>
  <system-out/>
  <testcase classname="Projects.validateWebTable" name="checkWebTableText" time="0.034"/>
  <system-out/>
  <testcase classname="Projects.validateWebTable" name="checkWebTableColCount" time="0.027"/>
  <system-out/>
</testsuite> <!-- Projects.validateWebTable -->
