<?xml version="1.0" encoding="UTF-8"?>
<!-- Generated by org.testng.reporters.JUnitReportReporter -->
<testsuite hostname="LAPTOP-MSMG7D8C" failures="0" tests="3" name="Projects.validateElementsDisplayed" time="0.598" errors="0" timestamp="2021-03-07T01:04:00 IST" skipped="0">
  <testcase classname="Projects.validateElementsDisplayed" name="checkElementDisplayedText" time="0.192"/>
  <system-out/>
  <testcase classname="Projects.validateElementsDisplayed" name="validateShowButton" time="0.235"/>
  <system-out/>
  <testcase classname="Projects.validateElementsDisplayed" name="validateHideButton" time="0.171"/>
  <system-out/>
</testsuite> <!-- Projects.validateElementsDisplayed -->
