<?xml version="1.0" encoding="UTF-8"?>
<!-- Generated by org.testng.reporters.JUnitReportReporter -->
<testsuite hostname="LAPTOP-MSMG7D8C" failures="0" tests="2" name="Projects.validateFrame" time="24.496" errors="0" timestamp="2021-03-10T13:16:00 IST" skipped="0">
  <testcase classname="Projects.validateFrame" name="checkFrameText" time="0.180"/>
  <system-out/>
  <testcase classname="Projects.validateFrame" name="checkFrames" time="24.316"/>
  <system-out/>
</testsuite> <!-- Projects.validateFrame -->
